[2023-04-24 13:12:43] SlimMonoLogger.CRITICAL: PDOException: could not find driver in /workspaces/fredtech/src/framework/PDO/Database.php:34
Stack trace:
#0 /workspaces/fredtech/src/framework/PDO/Database.php(34): PDO->__construct()
#1 /workspaces/fredtech/src/dependencies.php(76): Slim\PDO\Database->__construct()
#2 /workspaces/fredtech/src/framework/Helper/Set.php(228): {closure}()
#3 /workspaces/fredtech/src/framework/Helper/Set.php(88): Slim\Helper\Set->Slim\Helper\{closure}()
#4 /workspaces/fredtech/src/framework/Slim.php(232): Slim\Helper\Set->get()
#5 /workspaces/fredtech/src/models/Model.php(176): Slim\Slim->__get()
#6 /workspaces/fredtech/src/models/OptionModel.php(180): spark\models\Model->select()
#7 /workspaces/fredtech/src/models/OptionModel.php(40): spark\models\OptionModel->autoloadOptions()
#8 /workspaces/fredtech/src/dependencies.php(99): spark\models\OptionModel->__construct()
#9 /workspaces/fredtech/src/framework/Helper/Set.php(228): {closure}()
#10 /workspaces/fredtech/src/framework/Helper/Set.php(88): Slim\Helper\Set->Slim\Helper\{closure}()
#11 /workspaces/fredtech/src/framework/Slim.php(232): Slim\Helper\Set->get()
#12 /workspaces/fredtech/src/drivers/Views/ThemeManager.php(34): Slim\Slim->__get()
#13 /workspaces/fredtech/src/dependencies.php(142): spark\drivers\Views\ThemeManager->initEngine()
#14 /workspaces/fredtech/src/bootstrap.php(70): require('...')
#15 /workspaces/fredtech/index.php(4): require('...')
#16 {main} [] []
[2023-04-24 13:12:49] SlimMonoLogger.CRITICAL: PDOException: could not find driver in /workspaces/fredtech/src/framework/PDO/Database.php:34
Stack trace:
#0 /workspaces/fredtech/src/framework/PDO/Database.php(34): PDO->__construct()
#1 /workspaces/fredtech/src/dependencies.php(76): Slim\PDO\Database->__construct()
#2 /workspaces/fredtech/src/framework/Helper/Set.php(228): {closure}()
#3 /workspaces/fredtech/src/framework/Helper/Set.php(88): Slim\Helper\Set->Slim\Helper\{closure}()
#4 /workspaces/fredtech/src/framework/Slim.php(232): Slim\Helper\Set->get()
#5 /workspaces/fredtech/src/models/Model.php(176): Slim\Slim->__get()
#6 /workspaces/fredtech/src/models/OptionModel.php(180): spark\models\Model->select()
#7 /workspaces/fredtech/src/models/OptionModel.php(40): spark\models\OptionModel->autoloadOptions()
#8 /workspaces/fredtech/src/dependencies.php(99): spark\models\OptionModel->__construct()
#9 /workspaces/fredtech/src/framework/Helper/Set.php(228): {closure}()
#10 /workspaces/fredtech/src/framework/Helper/Set.php(88): Slim\Helper\Set->Slim\Helper\{closure}()
#11 /workspaces/fredtech/src/framework/Slim.php(232): Slim\Helper\Set->get()
#12 /workspaces/fredtech/src/drivers/Views/ThemeManager.php(34): Slim\Slim->__get()
#13 /workspaces/fredtech/src/dependencies.php(142): spark\drivers\Views\ThemeManager->initEngine()
#14 /workspaces/fredtech/src/bootstrap.php(70): require('...')
#15 /workspaces/fredtech/index.php(4): require('...')
#16 {main} [] []
[2023-04-24 13:12:53] SlimMonoLogger.CRITICAL: PDOException: could not find driver in /workspaces/fredtech/src/framework/PDO/Database.php:34
Stack trace:
#0 /workspaces/fredtech/src/framework/PDO/Database.php(34): PDO->__construct()
#1 /workspaces/fredtech/src/dependencies.php(76): Slim\PDO\Database->__construct()
#2 /workspaces/fredtech/src/framework/Helper/Set.php(228): {closure}()
#3 /workspaces/fredtech/src/framework/Helper/Set.php(88): Slim\Helper\Set->Slim\Helper\{closure}()
#4 /workspaces/fredtech/src/framework/Slim.php(232): Slim\Helper\Set->get()
#5 /workspaces/fredtech/src/models/Model.php(176): Slim\Slim->__get()
#6 /workspaces/fredtech/src/models/OptionModel.php(180): spark\models\Model->select()
#7 /workspaces/fredtech/src/models/OptionModel.php(40): spark\models\OptionModel->autoloadOptions()
#8 /workspaces/fredtech/src/dependencies.php(99): spark\models\OptionModel->__construct()
#9 /workspaces/fredtech/src/framework/Helper/Set.php(228): {closure}()
#10 /workspaces/fredtech/src/framework/Helper/Set.php(88): Slim\Helper\Set->Slim\Helper\{closure}()
#11 /workspaces/fredtech/src/framework/Slim.php(232): Slim\Helper\Set->get()
#12 /workspaces/fredtech/src/drivers/Views/ThemeManager.php(34): Slim\Slim->__get()
#13 /workspaces/fredtech/src/dependencies.php(142): spark\drivers\Views\ThemeManager->initEngine()
#14 /workspaces/fredtech/src/bootstrap.php(70): require('...')
#15 /workspaces/fredtech/index.php(4): require('...')
#16 {main} [] []
